{
  "stats": {
    "suites": 1,
    "tests": 1,
    "passes": 0,
    "pending": 0,
    "failures": 1,
    "start": "2026-02-19T19:46:08.356Z",
    "end": "2026-02-19T19:46:25.974Z",
    "duration": 17618,
    "testsRegistered": 1,
    "passPercent": 0,
    "pendingPercent": 0,
    "other": 0,
    "hasOther": false,
    "skipped": 0,
    "hasSkipped": false
  },
  "results": [
    {
      "uuid": "e693e854-85a3-4317-af1d-7f17a0e9d550",
      "title": "",
      "fullFile": "cypress\\e2e\\cadastro\\endereco_botao_voltar.cy.js",
      "file": "cypress\\e2e\\cadastro\\endereco_botao_voltar.cy.js",
      "beforeHooks": [],
      "afterHooks": [],
      "tests": [],
      "suites": [
        {
          "uuid": "d2085b05-2889-45c9-a91f-989d0e7c445f",
          "title": "Validação do Botão Voltar",
          "fullFile": "",
          "file": "",
          "beforeHooks": [],
          "afterHooks": [],
          "tests": [
            {
              "title": "Verificar se ao clicar no botão Voltar a página redireciona para home.html",
              "fullTitle": "Validação do Botão Voltar Verificar se ao clicar no botão Voltar a página redireciona para home.html",
              "timedOut": null,
              "duration": 16661,
              "state": "failed",
              "speed": null,
              "pass": false,
              "fail": true,
              "pending": false,
              "context": null,
              "code": "// Clica no botão Voltar\ncy.contains('Voltar').click();\n// Verifica se a URL atual contém \"home.html\"\ncy.url().should('include', 'home.html');",
              "err": {
                "message": "AssertionError: Timed out retrying after 4000ms: expected 'https://carlosfelixpenha-create.github.io/QAPlayground/index.html' to include 'home.html'",
                "estack": "AssertionError: Timed out retrying after 4000ms: expected 'https://carlosfelixpenha-create.github.io/QAPlayground/index.html' to include 'home.html'\n    at Context.eval (webpack://qa_test/./cypress/e2e/cadastro/endereco_botao_voltar.cy.js:12:13)",
                "diff": null
              },
              "uuid": "280a464d-50b6-4ecc-bc65-4f74442838d0",
              "parentUUID": "d2085b05-2889-45c9-a91f-989d0e7c445f",
              "isHook": false,
              "skipped": false
            }
          ],
          "suites": [],
          "passes": [],
          "failures": [
            "280a464d-50b6-4ecc-bc65-4f74442838d0"
          ],
          "pending": [],
          "skipped": [],
          "duration": 16661,
          "root": false,
          "rootEmpty": false,
          "_timeout": 2000
        }
      ],
      "passes": [],
      "failures": [],
      "pending": [],
      "skipped": [],
      "duration": 0,
      "root": true,
      "rootEmpty": true,
      "_timeout": 2000
    }
  ],
  "meta": {
    "mocha": {
      "version": "7.2.0"
    },
    "mochawesome": {
      "options": {
        "quiet": false,
        "reportFilename": "mochawesome",
        "saveHtml": true,
        "saveJson": true,
        "consoleReporter": "spec",
        "useInlineDiffs": false,
        "code": true
      },
      "version": "7.1.4"
    },
    "marge": {
      "options": {
        "reportDir": "cypress/reports",
        "overwrite": false,
        "html": true,
        "json": true
      },
      "version": "6.3.2"
    }
  }
}