{
  "stats": {
    "suites": 1,
    "tests": 1,
    "passes": 1,
    "pending": 0,
    "failures": 0,
    "start": "2026-02-19T19:49:27.435Z",
    "end": "2026-02-19T19:49:30.897Z",
    "duration": 3462,
    "testsRegistered": 1,
    "passPercent": 100,
    "pendingPercent": 0,
    "other": 0,
    "hasOther": false,
    "skipped": 0,
    "hasSkipped": false
  },
  "results": [
    {
      "uuid": "29731a49-09c4-4766-a28a-f9d856de72be",
      "title": "",
      "fullFile": "cypress\\e2e\\cadastro\\enderecosucesso.cy.js",
      "file": "cypress\\e2e\\cadastro\\enderecosucesso.cy.js",
      "beforeHooks": [],
      "afterHooks": [],
      "tests": [],
      "suites": [
        {
          "uuid": "b51878cb-43f9-42eb-b845-9b0b9794a582",
          "title": "Cadastro de Endereço",
          "fullFile": "",
          "file": "",
          "beforeHooks": [],
          "afterHooks": [],
          "tests": [
            {
              "title": "Deve cadastrar endereço com sucesso",
              "fullTitle": "Cadastro de Endereço Deve cadastrar endereço com sucesso",
              "timedOut": null,
              "duration": 2118,
              "state": "passed",
              "speed": "fast",
              "pass": true,
              "fail": false,
              "pending": false,
              "context": null,
              "code": "cy.visit('https://carlosfelixpenha-create.github.io/QAPlayground/frontend/pages/formulario-1.html');\ncy.get('#logradouro').type('Rua das Flores');\ncy.get('#numero').type('123');\ncy.get('#complemento').type('Apartamento 45');\ncy.get('#bairro').type('Jardim América');\ncy.get('#cidade').type('São Paulo');\ncy.get('#estado').type('SP'); // Cypress deve lidar com caixa alta se necessário\ncy.get('#cep').type('12345678'); // Sem máscara para digitação, o sistema deve aplicar automaticamente\n// Clica no botão Salvar\ncy.contains('Salvar').click();\n// Verifica se o modal de sucesso apareceu com a mensagem correta\ncy.contains('Endereço cadastrado com sucesso!').should('be.visible');\n// Verifica se os campos foram desabilitados após salvar\ncy.get('#logradouro').should('be.disabled');\ncy.get('#numero').should('be.disabled');\ncy.get('#bairro').should('be.disabled');\ncy.get('#cidade').should('be.disabled');\ncy.get('#estado').should('be.disabled');\ncy.get('#cep').should('be.disabled');\n// Verifica se o botão Salvar foi desabilitado\ncy.contains('Salvar').should('be.disabled');\n// Opcional: verificar se o endereço foi salvo no localStorage\ncy.window().then(win => {\n  const enderecoSalvo = JSON.parse(win.localStorage.getItem('endereco'));\n  expect(enderecoSalvo).to.deep.equal({\n    logradouro: 'Rua das Flores',\n    numero: '123',\n    complemento: 'Apartamento 45',\n    bairro: 'Jardim América',\n    cidade: 'São Paulo',\n    estado: 'SP',\n    cep: '12345-678' // Se a máscara for aplicada no localStorage\n  });\n});",
              "err": {},
              "uuid": "1475d20d-f137-4c11-b7ea-9f226ea46671",
              "parentUUID": "b51878cb-43f9-42eb-b845-9b0b9794a582",
              "isHook": false,
              "skipped": false
            }
          ],
          "suites": [],
          "passes": [
            "1475d20d-f137-4c11-b7ea-9f226ea46671"
          ],
          "failures": [],
          "pending": [],
          "skipped": [],
          "duration": 2118,
          "root": false,
          "rootEmpty": false,
          "_timeout": 2000
        }
      ],
      "passes": [],
      "failures": [],
      "pending": [],
      "skipped": [],
      "duration": 0,
      "root": true,
      "rootEmpty": true,
      "_timeout": 2000
    }
  ],
  "meta": {
    "mocha": {
      "version": "7.2.0"
    },
    "mochawesome": {
      "options": {
        "quiet": false,
        "reportFilename": "mochawesome",
        "saveHtml": true,
        "saveJson": true,
        "consoleReporter": "spec",
        "useInlineDiffs": false,
        "code": true
      },
      "version": "7.1.4"
    },
    "marge": {
      "options": {
        "reportDir": "cypress/reports",
        "overwrite": false,
        "html": true,
        "json": true
      },
      "version": "6.3.2"
    }
  }
}