{
  "stats": {
    "suites": 1,
    "tests": 1,
    "passes": 0,
    "pending": 0,
    "failures": 1,
    "start": "2026-02-19T19:44:57.049Z",
    "end": "2026-02-19T19:45:04.820Z",
    "duration": 7771,
    "testsRegistered": 1,
    "passPercent": 0,
    "pendingPercent": 0,
    "other": 0,
    "hasOther": false,
    "skipped": 0,
    "hasSkipped": false
  },
  "results": [
    {
      "uuid": "9e5b6e34-6261-4a96-8428-f01c8b79bbf9",
      "title": "",
      "fullFile": "cypress\\e2e\\cadastro\\cadastro_validacoes_email.cy.js",
      "file": "cypress\\e2e\\cadastro\\cadastro_validacoes_email.cy.js",
      "beforeHooks": [],
      "afterHooks": [],
      "tests": [],
      "suites": [
        {
          "uuid": "f7f4be6f-04e6-48ac-84f1-3e09794fd53f",
          "title": "Validações de Email",
          "fullFile": "",
          "file": "",
          "beforeHooks": [],
          "afterHooks": [],
          "tests": [
            {
              "title": "Deve validar email inválido",
              "fullTitle": "Validações de Email Deve validar email inválido",
              "timedOut": null,
              "duration": 5827,
              "state": "failed",
              "speed": null,
              "pass": false,
              "fail": true,
              "pending": false,
              "context": null,
              "code": "const usuario = _objectSpread(_objectSpread({}, (0, _massaUsuario.gerarPayloadBase)()), {}, {\n  email: 'email-invalido'\n});\ncy.visit('https://carlosfelixpenha-create.github.io/QAPlayground/frontend/pages/cadastro.html');\ncy.get('#nome').type(usuario.nome);\ncy.get('#email').type(usuario.email);\ncy.get('#senha').type(usuario.senha);\ncy.get('#confirmarSenha').type(usuario.confirmarSenha);\ncy.contains('Cadastrar').click();\ncy.contains('Email inválido').should('be.visible');",
              "err": {
                "message": "AssertionError: Timed out retrying after 4000ms: Expected to find content: 'Email inválido' but never did.",
                "estack": "AssertionError: Timed out retrying after 4000ms: Expected to find content: 'Email inválido' but never did.\n    at Context.eval (webpack://qa_test/./cypress/e2e/cadastro/cadastro_validacoes_email.cy.js:22:34)",
                "diff": null
              },
              "uuid": "0deaeba3-eece-4142-aa6f-b890c9241c07",
              "parentUUID": "f7f4be6f-04e6-48ac-84f1-3e09794fd53f",
              "isHook": false,
              "skipped": false
            }
          ],
          "suites": [],
          "passes": [],
          "failures": [
            "0deaeba3-eece-4142-aa6f-b890c9241c07"
          ],
          "pending": [],
          "skipped": [],
          "duration": 5827,
          "root": false,
          "rootEmpty": false,
          "_timeout": 2000
        }
      ],
      "passes": [],
      "failures": [],
      "pending": [],
      "skipped": [],
      "duration": 0,
      "root": true,
      "rootEmpty": true,
      "_timeout": 2000
    }
  ],
  "meta": {
    "mocha": {
      "version": "7.2.0"
    },
    "mochawesome": {
      "options": {
        "quiet": false,
        "reportFilename": "mochawesome",
        "saveHtml": true,
        "saveJson": true,
        "consoleReporter": "spec",
        "useInlineDiffs": false,
        "code": true
      },
      "version": "7.1.4"
    },
    "marge": {
      "options": {
        "reportDir": "cypress/reports",
        "overwrite": false,
        "html": true,
        "json": true
      },
      "version": "6.3.2"
    }
  }
}