{
  "stats": {
    "suites": 1,
    "tests": 1,
    "passes": 0,
    "pending": 0,
    "failures": 1,
    "start": "2026-02-19T19:45:21.900Z",
    "end": "2026-02-19T19:45:34.299Z",
    "duration": 12399,
    "testsRegistered": 1,
    "passPercent": 0,
    "pendingPercent": 0,
    "other": 0,
    "hasOther": false,
    "skipped": 0,
    "hasSkipped": false
  },
  "results": [
    {
      "uuid": "f5d9a47f-2c0a-4957-bdd4-80aebfab2c60",
      "title": "",
      "fullFile": "cypress\\e2e\\cadastro\\endereco_acessibilidade.cy.js",
      "file": "cypress\\e2e\\cadastro\\endereco_acessibilidade.cy.js",
      "beforeHooks": [],
      "afterHooks": [],
      "tests": [],
      "suites": [
        {
          "uuid": "87d4c067-d7d1-4faa-a9f4-3567c7572bb8",
          "title": "Validação de Acessibilidade - Cadastro de Endereço",
          "fullFile": "",
          "file": "",
          "beforeHooks": [],
          "afterHooks": [],
          "tests": [
            {
              "title": "Verificar se é possível clicar no botão de VLibras e carregar o widget",
              "fullTitle": "Validação de Acessibilidade - Cadastro de Endereço Verificar se é possível clicar no botão de VLibras e carregar o widget",
              "timedOut": null,
              "duration": 10953,
              "state": "failed",
              "speed": null,
              "pass": false,
              "fail": true,
              "pending": false,
              "context": null,
              "code": "// Clica no botão de VLibras\ncy.get('.vp-access-button').should('be.visible').click();\n// Espera pelo iframe do VLibras carregar\ncy.get('iframe[src*=\"vlibras.gov.br\"]', {\n  timeout: 10000\n}) // espera até 10s\n.should('exist').then($iframe => {\n  // Confirma que o conteúdo dentro do iframe existe\n  const $body = $iframe.contents().find('body');\n  cy.wrap($body).should('not.be.empty');\n});",
              "err": {
                "message": "AssertionError: Timed out retrying after 10000ms: Expected to find element: `iframe[src*=\"vlibras.gov.br\"]`, but never found it.",
                "estack": "AssertionError: Timed out retrying after 10000ms: Expected to find element: `iframe[src*=\"vlibras.gov.br\"]`, but never found it.\n    at Context.eval (webpack://qa_test/./cypress/e2e/cadastro/endereco_acessibilidade.cy.js:17:7)",
                "diff": null
              },
              "uuid": "c10deb47-0bf1-452b-b1a7-afc0a5ec865d",
              "parentUUID": "87d4c067-d7d1-4faa-a9f4-3567c7572bb8",
              "isHook": false,
              "skipped": false
            }
          ],
          "suites": [],
          "passes": [],
          "failures": [
            "c10deb47-0bf1-452b-b1a7-afc0a5ec865d"
          ],
          "pending": [],
          "skipped": [],
          "duration": 10953,
          "root": false,
          "rootEmpty": false,
          "_timeout": 2000
        }
      ],
      "passes": [],
      "failures": [],
      "pending": [],
      "skipped": [],
      "duration": 0,
      "root": true,
      "rootEmpty": true,
      "_timeout": 2000
    }
  ],
  "meta": {
    "mocha": {
      "version": "7.2.0"
    },
    "mochawesome": {
      "options": {
        "quiet": false,
        "reportFilename": "mochawesome",
        "saveHtml": true,
        "saveJson": true,
        "consoleReporter": "spec",
        "useInlineDiffs": false,
        "code": true
      },
      "version": "7.1.4"
    },
    "marge": {
      "options": {
        "reportDir": "cypress/reports",
        "overwrite": false,
        "html": true,
        "json": true
      },
      "version": "6.3.2"
    }
  }
}